{
  "stats": {
    "suites": 1,
    "tests": 21,
    "passes": 21,
    "pending": 0,
    "failures": 0,
    "start": "2024-04-10T21:12:04.809Z",
    "end": "2024-04-10T21:12:14.082Z",
    "duration": 9273,
    "testsRegistered": 21,
    "passPercent": 100,
    "pendingPercent": 0,
    "other": 0,
    "hasOther": false,
    "skipped": 0,
    "hasSkipped": false
  },
  "results": [
    {
      "uuid": "b6a99c7d-3330-4465-bcea-295abacd2c0f",
      "title": "",
      "fullFile": "cypress\\e2e\\frontend\\view-product.cy.js",
      "file": "cypress\\e2e\\frontend\\view-product.cy.js",
      "beforeHooks": [],
      "afterHooks": [],
      "tests": [],
      "suites": [
        {
          "uuid": "cdd1468e-33c5-41d7-81ba-bb2ddd3acfbb",
          "title": "Page /products/:productId",
          "fullFile": "",
          "file": "",
          "beforeHooks": [],
          "afterHooks": [],
          "tests": [
            {
              "title": "display product",
              "fullTitle": "Page /products/:productId display product",
              "timedOut": null,
              "duration": 194,
              "state": "passed",
              "speed": "fast",
              "pass": true,
              "fail": false,
              "pending": false,
              "context": null,
              "code": "// Note : Vérifie que tous les éléments du produit sont bien affichés\n(0, _orm.createProduct)().then(({\n  originalProduct,\n  product\n}) => {\n  cy.visit(`http://localhost:5173/products/${product.id}`);\n  cy.get(\"[data-test-product-name]\").should(\"have.text\", product.name);\n  cy.get(\"[data-test-product-description]\").should(\"have.text\", product.description);\n  cy.get(\"[data-test-product-picture]\").invoke(\"attr\", \"src\").should(\"eq\", product.pictureUrl);\n  cy.get(\"[data-test-product-price]\").should(\"contain.text\", product.originalPrice + \" €\");\n  cy.get(\"[data-test-product-end-date]\").should(\"contain.text\", originalProduct.endDate.toLocaleDateString(\"fr-FR\", {\n    year: \"numeric\",\n    month: \"long\",\n    day: \"numeric\"\n  }));\n  cy.get(\"[data-test-product-seller]\").should(\"have.text\", \"alice\").invoke(\"attr\", \"href\").should(\"contain\", _tokens.aliceId);\n});",
              "err": {},
              "uuid": "7ac27e7f-3614-4952-9f97-d5e6c57e334d",
              "parentUUID": "cdd1468e-33c5-41d7-81ba-bb2ddd3acfbb",
              "isHook": false,
              "skipped": false
            },
            {
              "title": "finished countdown",
              "fullTitle": "Page /products/:productId finished countdown",
              "timedOut": null,
              "duration": 134,
              "state": "passed",
              "speed": "fast",
              "pass": true,
              "fail": false,
              "pending": false,
              "context": null,
              "code": "// Note : Si la date de fin de vente est passée, on affiche \"Terminé\"\n(0, _orm.createProduct)(\"past\").then(({\n  product\n}) => {\n  cy.visit(`http://localhost:5173/products/${product.id}`);\n  cy.get(\"[data-test-countdown]\").should(\"contain.text\", \"Terminé\");\n});",
              "err": {},
              "uuid": "ab4818dd-c561-4aa3-8469-fd91a78143b0",
              "parentUUID": "cdd1468e-33c5-41d7-81ba-bb2ddd3acfbb",
              "isHook": false,
              "skipped": false
            },
            {
              "title": "not finished countdown",
              "fullTitle": "Page /products/:productId not finished countdown",
              "timedOut": null,
              "duration": 127,
              "state": "passed",
              "speed": "fast",
              "pass": true,
              "fail": false,
              "pending": false,
              "context": null,
              "code": "// Note : Si la date de fin de vente est passée, on n'affiche pas \"Terminé\"\n(0, _orm.createProduct)(\"futur\").then(({\n  product\n}) => {\n  cy.visit(`http://localhost:5173/products/${product.id}`);\n  cy.get(\"[data-test-countdown]\").should(\"not.contain.text\", \"Terminé\");\n});",
              "err": {},
              "uuid": "6bf2e51a-38d6-4160-93ca-248d7d7bbe02",
              "parentUUID": "cdd1468e-33c5-41d7-81ba-bb2ddd3acfbb",
              "isHook": false,
              "skipped": false
            },
            {
              "title": "display bids",
              "fullTitle": "Page /products/:productId display bids",
              "timedOut": null,
              "duration": 150,
              "state": "passed",
              "speed": "fast",
              "pass": true,
              "fail": false,
              "pending": false,
              "context": null,
              "code": "// Note : Vérifie que tous les éléments des offres du produit sont bien affichés\n(0, _orm.createBid)(_tokens.casserolesId, 200, _tokens.bobToken).then(({\n  bid\n}) => {\n  cy.visit(`http://localhost:5173/products/${_tokens.casserolesId}`);\n  cy.get(\"[data-test-bid]\").should(\"have.length\", 4);\n  cy.get(\"[data-test-bid]\").first().find(\"[data-test-bid-bidder]\").should(\"have.text\", \"charly\").invoke(\"attr\", \"href\").should(\"contain\", _tokens.charlyId);\n  cy.get(\"[data-test-bid]\").first().find(\"[data-test-bid-price]\").should(\"contain.text\", \"65 €\");\n  cy.get(\"[data-test-bid]\").last().find(\"[data-test-bid-bidder]\").should(\"have.text\", \"bob\").invoke(\"attr\", \"href\").should(\"contain\", _tokens.bobId);\n  cy.get(\"[data-test-bid]\").last().find(\"[data-test-bid-price]\").should(\"contain.text\", bid.price + \" €\");\n  cy.get(\"[data-test-bid]\").last().find(\"[data-test-bid-date]\").should(\"contain.text\", new Date().toLocaleDateString(\"fr-FR\", {\n    year: \"numeric\",\n    month: \"long\",\n    day: \"numeric\"\n  }));\n});",
              "err": {},
              "uuid": "72367003-274b-4549-a2d1-87e1effeb304",
              "parentUUID": "cdd1468e-33c5-41d7-81ba-bb2ddd3acfbb",
              "isHook": false,
              "skipped": false
            },
            {
              "title": "some bids",
              "fullTitle": "Page /products/:productId some bids",
              "timedOut": null,
              "duration": 780,
              "state": "passed",
              "speed": "fast",
              "pass": true,
              "fail": false,
              "pending": false,
              "context": null,
              "code": "// Note : Si au moins une offre existe, on affiche le tableau\ncy.visit(`http://localhost:5173/products/${_tokens.casserolesId}`);\ncy.get(\"[data-test-bids]\").should(\"exist\");\ncy.get(\"[data-test-no-bids]\").should(\"not.exist\");",
              "err": {},
              "uuid": "973e9726-5c65-4751-bee5-e786ebd864ca",
              "parentUUID": "cdd1468e-33c5-41d7-81ba-bb2ddd3acfbb",
              "isHook": false,
              "skipped": false
            },
            {
              "title": "no bids",
              "fullTitle": "Page /products/:productId no bids",
              "timedOut": null,
              "duration": 156,
              "state": "passed",
              "speed": "fast",
              "pass": true,
              "fail": false,
              "pending": false,
              "context": null,
              "code": "(0, _orm.createProduct)().then(({\n  product\n}) => {\n  // Note : Si aucune une offre ,'existe, on masque le tableau\n  cy.visit(`http://localhost:5173/products/${product.id}`);\n  cy.get(\"[data-test-bids]\").should(\"not.exist\");\n  cy.get(\"[data-test-no-bids]\").should(\"exist\");\n});",
              "err": {},
              "uuid": "5a9d9e85-e3be-4eae-85c1-55ffe386ae1e",
              "parentUUID": "cdd1468e-33c5-41d7-81ba-bb2ddd3acfbb",
              "isHook": false,
              "skipped": false
            },
            {
              "title": "only seller and admin can edit or delete product",
              "fullTitle": "Page /products/:productId only seller and admin can edit or delete product",
              "timedOut": null,
              "duration": 576,
              "state": "passed",
              "speed": "fast",
              "pass": true,
              "fail": false,
              "pending": false,
              "context": null,
              "code": "// Note : Vérifie que l'admin a accès aux boutons d'édition et de suppression\n// Note : Vérifie que l'utilisateur vendeur du produit a accès aux boutons d'édition et de suppression\n// Note : Vérifie qu'un utilisateur non vendeur du produit n'a pas accès aux boutons d'édition et de suppression\ncy.visit(`http://localhost:5173/products/${_tokens.casserolesId}`, {\n  onBeforeLoad: function (window) {\n    window.localStorage.setItem(\"token\", _tokens.adminToken);\n  }\n});\ncy.get(\"[data-test-edit-product]\").should(\"exist\");\ncy.get(\"[data-test-delete-product]\").should(\"exist\");\ncy.visit(`http://localhost:5173/products/${_tokens.casserolesId}`, {\n  onBeforeLoad: function (window) {\n    window.localStorage.setItem(\"token\", _tokens.aliceToken);\n  }\n});\ncy.get(\"[data-test-edit-product]\").should(\"exist\");\ncy.get(\"[data-test-delete-product]\").should(\"exist\");\ncy.visit(`http://localhost:5173/products/${_tokens.casserolesId}`, {\n  onBeforeLoad: function (window) {\n    window.localStorage.setItem(\"token\", _tokens.bobToken);\n  }\n});\ncy.get(\"[data-test-edit-product]\").should(\"not.exist\");\ncy.get(\"[data-test-delete-product]\").should(\"not.exist\");",
              "err": {},
              "uuid": "3b1ead97-8582-44a1-a652-574a82e4e90d",
              "parentUUID": "cdd1468e-33c5-41d7-81ba-bb2ddd3acfbb",
              "isHook": false,
              "skipped": false
            },
            {
              "title": "product edition button",
              "fullTitle": "Page /products/:productId product edition button",
              "timedOut": null,
              "duration": 314,
              "state": "passed",
              "speed": "fast",
              "pass": true,
              "fail": false,
              "pending": false,
              "context": null,
              "code": "// Note : Vérifie que bouton d'édition d'un produit cible le bon endroit\ncy.visit(`http://localhost:5173/products/${_tokens.casserolesId}`, {\n  onBeforeLoad: function (window) {\n    window.localStorage.setItem(\"token\", _tokens.aliceToken);\n  }\n});\ncy.get(\"[data-test-edit-product]\").should(\"exist\").invoke(\"attr\", \"href\").should(\"contain\", _tokens.casserolesId).should(\"contain\", \"/edit\");",
              "err": {},
              "uuid": "1b0e973a-169e-40e3-85f2-971e541b13fd",
              "parentUUID": "cdd1468e-33c5-41d7-81ba-bb2ddd3acfbb",
              "isHook": false,
              "skipped": false
            },
            {
              "title": "product deletion button",
              "fullTitle": "Page /products/:productId product deletion button",
              "timedOut": null,
              "duration": 325,
              "state": "passed",
              "speed": "fast",
              "pass": true,
              "fail": false,
              "pending": false,
              "context": null,
              "code": "// Note : Vérifie que bouton de suppression d'un produit supprime bien le produit\ncy.visit(`http://localhost:5173/products/${_tokens.casserolesId}`, {\n  onBeforeLoad: function (window) {\n    window.localStorage.setItem(\"token\", _tokens.aliceToken);\n  }\n});\n(0, _orm.getProducts)().then(({\n  products: productsBeforeDeletion\n}) => {\n  cy.get(\"[data-test-delete-product]\").click();\n  (0, _orm.getProducts)().then(({\n    products: productsAfterDeletion\n  }) => {\n    expect(productsBeforeDeletion.length).to.be.greaterThan(productsAfterDeletion.length);\n  });\n});",
              "err": {},
              "uuid": "59348f4d-8874-4840-b65e-77908ebecf65",
              "parentUUID": "cdd1468e-33c5-41d7-81ba-bb2ddd3acfbb",
              "isHook": false,
              "skipped": false
            },
            {
              "title": "admin can delete bid",
              "fullTitle": "Page /products/:productId admin can delete bid",
              "timedOut": null,
              "duration": 260,
              "state": "passed",
              "speed": "fast",
              "pass": true,
              "fail": false,
              "pending": false,
              "context": null,
              "code": "// Note : Vérifie que l'admin peut supprimer n'importe quel offre\ncy.visit(`http://localhost:5173/products/${_tokens.casserolesId}`, {\n  onBeforeLoad: function (window) {\n    window.localStorage.setItem(\"token\", _tokens.adminToken);\n  }\n});\ncy.get(\"[data-test-delete-bid]\").should(\"have.length\", 3);",
              "err": {},
              "uuid": "9862bc5b-bd2e-4179-b221-e82451704a15",
              "parentUUID": "cdd1468e-33c5-41d7-81ba-bb2ddd3acfbb",
              "isHook": false,
              "skipped": false
            },
            {
              "title": "bidder can delete bid",
              "fullTitle": "Page /products/:productId bidder can delete bid",
              "timedOut": null,
              "duration": 444,
              "state": "passed",
              "speed": "fast",
              "pass": true,
              "fail": false,
              "pending": false,
              "context": null,
              "code": "// Note : Vérifie qu'une offre est supprimable par l'utilisateur l'ayant fait\ncy.visit(`http://localhost:5173/products/${_tokens.casserolesId}`, {\n  onBeforeLoad: function (window) {\n    window.localStorage.setItem(\"token\", _tokens.bobToken);\n  }\n});\ncy.get(\"[data-test-delete-bid]\").should(\"have.length\", 1);\ncy.visit(`http://localhost:5173/products/${_tokens.casserolesId}`, {\n  onBeforeLoad: function (window) {\n    window.localStorage.setItem(\"token\", _tokens.charlyToken);\n  }\n});\ncy.get(\"[data-test-delete-bid]\").should(\"have.length\", 2);",
              "err": {},
              "uuid": "afe38c6a-0914-4f60-a497-bddd5460826d",
              "parentUUID": "cdd1468e-33c5-41d7-81ba-bb2ddd3acfbb",
              "isHook": false,
              "skipped": false
            },
            {
              "title": "not bidder cannot delete bid",
              "fullTitle": "Page /products/:productId not bidder cannot delete bid",
              "timedOut": null,
              "duration": 258,
              "state": "passed",
              "speed": "fast",
              "pass": true,
              "fail": false,
              "pending": false,
              "context": null,
              "code": "// Note : Vérifie qu'une offre n'est supprimable par un utilisateur ne l'ayant pas fait\ncy.visit(`http://localhost:5173/products/${_tokens.casserolesId}`, {\n  onBeforeLoad: function (window) {\n    window.localStorage.setItem(\"token\", _tokens.aliceToken);\n  }\n});\ncy.get(\"[data-test-delete-bid]\").should(\"have.length\", 0);",
              "err": {},
              "uuid": "7ebe632b-4f62-46d5-ade8-b71232b7fff2",
              "parentUUID": "cdd1468e-33c5-41d7-81ba-bb2ddd3acfbb",
              "isHook": false,
              "skipped": false
            },
            {
              "title": "bid deletion button",
              "fullTitle": "Page /products/:productId bid deletion button",
              "timedOut": null,
              "duration": 262,
              "state": "passed",
              "speed": "fast",
              "pass": true,
              "fail": false,
              "pending": false,
              "context": null,
              "code": "// Note : Vérifie que le bouton de suppression d'une offre fonctionne bien\ncy.visit(`http://localhost:5173/products/${_tokens.casserolesId}`, {\n  onBeforeLoad: function (window) {\n    window.localStorage.setItem(\"token\", _tokens.bobToken);\n  }\n});\ncy.get(\"[data-test-delete-bid]\").should(\"have.length\", 1);\n(0, _orm.getProduct)(_tokens.casserolesId).then(({\n  product: productBeforeBidDeletion\n}) => {\n  cy.get(\"[data-test-delete-bid]\").click();\n  cy.get(\"[data-test-delete-bid]\").should(\"have.length\", 0);\n  (0, _orm.getProduct)(_tokens.casserolesId).then(({\n    product: productAfterBidDeletion\n  }) => {\n    expect(productBeforeBidDeletion.bids.length).to.be.greaterThan(productAfterBidDeletion.bids.length);\n  });\n});",
              "err": {},
              "uuid": "a627885d-7743-48ab-9220-6da439f1218d",
              "parentUUID": "cdd1468e-33c5-41d7-81ba-bb2ddd3acfbb",
              "isHook": false,
              "skipped": false
            },
            {
              "title": "only seller cannot add a bid",
              "fullTitle": "Page /products/:productId only seller cannot add a bid",
              "timedOut": null,
              "duration": 432,
              "state": "passed",
              "speed": "fast",
              "pass": true,
              "fail": false,
              "pending": false,
              "context": null,
              "code": "// Note : Vérifie que le vendeur ne peut pas faire d'offre sur son produit\n// Note : Vérifie qu'un non-vendeur peut faire une offre sur le produit\ncy.visit(`http://localhost:5173/products/${_tokens.casserolesId}`, {\n  onBeforeLoad: function (window) {\n    window.localStorage.setItem(\"token\", _tokens.aliceToken);\n  }\n});\ncy.get(\"[data-test-submit-bid]\").should(\"not.exist\");\ncy.visit(`http://localhost:5173/products/${_tokens.casserolesId}`, {\n  onBeforeLoad: function (window) {\n    window.localStorage.setItem(\"token\", _tokens.bobToken);\n  }\n});\ncy.get(\"[data-test-submit-bid]\").should(\"exist\");",
              "err": {},
              "uuid": "22edebfc-2971-4ecd-87ab-4a0cdd37f33b",
              "parentUUID": "cdd1468e-33c5-41d7-81ba-bb2ddd3acfbb",
              "isHook": false,
              "skipped": false
            },
            {
              "title": "require minimum bid amount",
              "fullTitle": "Page /products/:productId require minimum bid amount",
              "timedOut": null,
              "duration": 770,
              "state": "passed",
              "speed": "fast",
              "pass": true,
              "fail": false,
              "pending": false,
              "context": null,
              "code": "// Note : Vérifie que le formulaire d'offre est validable seulement quand l'offre est supérieur au prix de départ et à la plus haute offre\ncy.visit(`http://localhost:5173/products/${_tokens.casserolesId}`, {\n  onBeforeLoad: function (window) {\n    window.localStorage.setItem(\"token\", _tokens.bobToken);\n  }\n});\ncy.get(\"[data-test-bid-form-price]\").type(\"{selectAll}{del}\").type(100);\ncy.get(\"[data-test-submit-bid]\").should(\"have.attr\", \"disabled\");\ncy.get(\"[data-test-bid-form-price]\").type(\"{selectAll}{del}\").type(200);\ncy.get(\"[data-test-submit-bid]\").should(\"not.have.attr\", \"disabled\");",
              "err": {},
              "uuid": "caab7b6c-7da3-451d-9b5b-da80de4861e3",
              "parentUUID": "cdd1468e-33c5-41d7-81ba-bb2ddd3acfbb",
              "isHook": false,
              "skipped": false
            },
            {
              "title": "preset minimum bid amount",
              "fullTitle": "Page /products/:productId preset minimum bid amount",
              "timedOut": null,
              "duration": 119,
              "state": "passed",
              "speed": "fast",
              "pass": true,
              "fail": false,
              "pending": false,
              "context": null,
              "code": "// Note : Vérifie que le formulaire d'offre vaut part défaut le prix de la plus haute offre + 1€\n(0, _orm.createProduct)(\"futur\", _tokens.aliceToken).then(({\n  product\n}) => {\n  (0, _orm.createBid)(product.id, product.originalPrice, _tokens.bobToken).then(({\n    bid\n  }) => {\n    cy.visit(`http://localhost:5173/products/${product.id}`, {\n      onBeforeLoad: function (window) {\n        window.localStorage.setItem(\"token\", _tokens.charlyToken);\n      }\n    });\n    cy.get(\"[data-test-bid-form-price]\").should(\"have.value\", bid.price + 1);\n  });\n});",
              "err": {},
              "uuid": "2f7fd6c3-0e45-4d3f-a9a8-a0013a276a26",
              "parentUUID": "cdd1468e-33c5-41d7-81ba-bb2ddd3acfbb",
              "isHook": false,
              "skipped": false
            },
            {
              "title": "add a bid",
              "fullTitle": "Page /products/:productId add a bid",
              "timedOut": null,
              "duration": 537,
              "state": "passed",
              "speed": "fast",
              "pass": true,
              "fail": false,
              "pending": false,
              "context": null,
              "code": "// Note : Vérifie que la soumission du formulaire d'offre ajoute bien une offre\ncy.visit(`http://localhost:5173/products/${_tokens.casserolesId}`, {\n  onBeforeLoad: function (window) {\n    window.localStorage.setItem(\"token\", _tokens.bobToken);\n  }\n});\ncy.get(\"[data-test-bid-form-price]\").type(\"{selectAll}{del}\").type(200);\n(0, _orm.getProduct)(_tokens.casserolesId).then(({\n  product: productBeforeBidAddition\n}) => {\n  cy.get(\"[data-test-submit-bid]\").click();\n  (0, _orm.getProduct)(_tokens.casserolesId).then(({\n    product: productAfterBidAddition\n  }) => {\n    expect(productAfterBidAddition.bids.length).greaterThan(productBeforeBidAddition.bids.length);\n    const lastBid = productAfterBidAddition.bids[productAfterBidAddition.bids.length - 1];\n    expect(lastBid.price).to.eq(200);\n  });\n});",
              "err": {},
              "uuid": "95f0b681-598d-472d-8019-063e8930c947",
              "parentUUID": "cdd1468e-33c5-41d7-81ba-bb2ddd3acfbb",
              "isHook": false,
              "skipped": false
            },
            {
              "title": "pending countdown",
              "fullTitle": "Page /products/:productId pending countdown",
              "timedOut": null,
              "duration": 134,
              "state": "passed",
              "speed": "fast",
              "pass": true,
              "fail": false,
              "pending": false,
              "context": null,
              "code": "// Note : Vérifie le décompte du compte à rebours, afficher au format 9j 23h 59m 59s\n(0, _orm.createProduct)(\"ten_days_later\").then(({\n  product\n}) => {\n  cy.visit(`http://localhost:5173/products/${product.id}`);\n  cy.get(\"[data-test-countdown]\").should(\"contain.text\", \"9j 23h 59min\");\n  cy.get(\"[data-test-countdown]\").then(el => {\n    const instantOne = el.text();\n    expect(instantOne).to.match(/\\ds$/);\n    // eslint-disable-next-line cypress/no-unnecessary-waiting\n    cy.wait(1000);\n    cy.get(\"[data-test-countdown]\").then(el => {\n      const instantTwo = el.text();\n      expect(instantOne).to.match(/\\ds$/);\n      // eslint-disable-next-line cypress/no-unnecessary-waiting\n      cy.wait(1000);\n      expect(instantTwo).not.eq(instantOne);\n      cy.get(\"[data-test-countdown]\").then(el => {\n        const instantThree = el.text();\n        expect(instantOne).to.match(/\\ds$/);\n        // eslint-disable-next-line cypress/no-unnecessary-waiting\n        cy.wait(1000);\n        expect(instantThree).not.eq(instantTwo);\n      });\n    });\n  });\n});",
              "err": {},
              "uuid": "00426971-a3d2-4150-8d36-c2afcbaf91c9",
              "parentUUID": "cdd1468e-33c5-41d7-81ba-bb2ddd3acfbb",
              "isHook": false,
              "skipped": false
            },
            {
              "title": "loading",
              "fullTitle": "Page /products/:productId loading",
              "timedOut": null,
              "duration": 285,
              "state": "passed",
              "speed": "fast",
              "pass": true,
              "fail": false,
              "pending": false,
              "context": null,
              "code": "// Note : Vérifie la présence d'un spinner au chargement\ncy.intercept(\"http://localhost:3000/api/products\", {\n  delay: 10000\n});\ncy.visit(`http://localhost:5173/products/${_tokens.casserolesId}`);\ncy.get(\"[data-test-loading]\").should(\"exist\");\ncy.get(\"[data-test-error]\").should(\"not.exist\");\ncy.get(\"[data-test-product]\").should(\"not.exist\");",
              "err": {},
              "uuid": "da9d1783-afbc-4db1-82f7-f68b416fae0f",
              "parentUUID": "cdd1468e-33c5-41d7-81ba-bb2ddd3acfbb",
              "isHook": false,
              "skipped": false
            },
            {
              "title": "error message",
              "fullTitle": "Page /products/:productId error message",
              "timedOut": null,
              "duration": 322,
              "state": "passed",
              "speed": "fast",
              "pass": true,
              "fail": false,
              "pending": false,
              "context": null,
              "code": "// Note : Vérifie la présence d'une erreur en cas d'échec de chargement\ncy.intercept(`http://localhost:3000/api/products/${_tokens.casserolesId}`, {\n  statusCode: 500\n});\ncy.visit(`http://localhost:5173/products/${_tokens.casserolesId}`);\nconsole.log();\ncy.get(\"[data-test-loading]\").should(\"not.exist\");\ncy.get(\"[data-test-error]\").should(\"exist\");\ncy.get(\"[data-test-product]\").should(\"not.exist\");",
              "err": {},
              "uuid": "756a62d4-8973-4c75-a5e4-a2a5f87ca267",
              "parentUUID": "cdd1468e-33c5-41d7-81ba-bb2ddd3acfbb",
              "isHook": false,
              "skipped": false
            },
            {
              "title": "ready",
              "fullTitle": "Page /products/:productId ready",
              "timedOut": null,
              "duration": 293,
              "state": "passed",
              "speed": "fast",
              "pass": true,
              "fail": false,
              "pending": false,
              "context": null,
              "code": "// Note : Vérifie la présence du contenu quand tout s'est bien chargé\ncy.intercept(`http://localhost:3000/api/products/${_tokens.casserolesId}`);\ncy.visit(`http://localhost:5173/products/${_tokens.casserolesId}`);\ncy.get(\"[data-test-loading]\").should(\"not.exist\");\ncy.get(\"[data-test-error]\").should(\"not.exist\");\ncy.get(\"[data-test-product]\").should(\"exist\");",
              "err": {},
              "uuid": "a5f896e2-6659-4a3c-b4d0-a05b09ab45f2",
              "parentUUID": "cdd1468e-33c5-41d7-81ba-bb2ddd3acfbb",
              "isHook": false,
              "skipped": false
            }
          ],
          "suites": [],
          "passes": [
            "7ac27e7f-3614-4952-9f97-d5e6c57e334d",
            "ab4818dd-c561-4aa3-8469-fd91a78143b0",
            "6bf2e51a-38d6-4160-93ca-248d7d7bbe02",
            "72367003-274b-4549-a2d1-87e1effeb304",
            "973e9726-5c65-4751-bee5-e786ebd864ca",
            "5a9d9e85-e3be-4eae-85c1-55ffe386ae1e",
            "3b1ead97-8582-44a1-a652-574a82e4e90d",
            "1b0e973a-169e-40e3-85f2-971e541b13fd",
            "59348f4d-8874-4840-b65e-77908ebecf65",
            "9862bc5b-bd2e-4179-b221-e82451704a15",
            "afe38c6a-0914-4f60-a497-bddd5460826d",
            "7ebe632b-4f62-46d5-ade8-b71232b7fff2",
            "a627885d-7743-48ab-9220-6da439f1218d",
            "22edebfc-2971-4ecd-87ab-4a0cdd37f33b",
            "caab7b6c-7da3-451d-9b5b-da80de4861e3",
            "2f7fd6c3-0e45-4d3f-a9a8-a0013a276a26",
            "95f0b681-598d-472d-8019-063e8930c947",
            "00426971-a3d2-4150-8d36-c2afcbaf91c9",
            "da9d1783-afbc-4db1-82f7-f68b416fae0f",
            "756a62d4-8973-4c75-a5e4-a2a5f87ca267",
            "a5f896e2-6659-4a3c-b4d0-a05b09ab45f2"
          ],
          "failures": [],
          "pending": [],
          "skipped": [],
          "duration": 6872,
          "root": false,
          "rootEmpty": false,
          "_timeout": 2000
        }
      ],
      "passes": [],
      "failures": [],
      "pending": [],
      "skipped": [],
      "duration": 0,
      "root": true,
      "rootEmpty": true,
      "_timeout": 2000
    }
  ],
  "meta": {
    "mocha": {
      "version": "7.0.1"
    },
    "mochawesome": {
      "options": {
        "quiet": false,
        "reportFilename": "mochawesome",
        "saveHtml": false,
        "saveJson": true,
        "consoleReporter": "spec",
        "useInlineDiffs": false,
        "code": true
      },
      "version": "7.1.3"
    },
    "marge": {
      "options": {
        "reportDir": "cypress/results",
        "overwrite": false,
        "html": false,
        "json": true
      },
      "version": "6.2.0"
    }
  }
}