{
  "stats": {
    "suites": 1,
    "tests": 9,
    "passes": 9,
    "pending": 0,
    "failures": 0,
    "start": "2024-04-08T09:29:27.715Z",
    "end": "2024-04-08T09:29:35.024Z",
    "duration": 7309,
    "testsRegistered": 9,
    "passPercent": 100,
    "pendingPercent": 0,
    "other": 0,
    "hasOther": false,
    "skipped": 0,
    "hasSkipped": false
  },
  "results": [
    {
      "uuid": "aa258492-d0ec-429a-b839-caaa9cd01473",
      "title": "",
      "fullFile": "cypress\\e2e\\frontend\\home.cy.js",
      "file": "cypress\\e2e\\frontend\\home.cy.js",
      "beforeHooks": [],
      "afterHooks": [],
      "tests": [],
      "suites": [
        {
          "uuid": "abf819be-9c56-4511-80ea-355f9e7afb88",
          "title": "Page /",
          "fullFile": "",
          "file": "",
          "beforeHooks": [],
          "afterHooks": [],
          "tests": [
            {
              "title": "fetch products",
              "fullTitle": "Page / fetch products",
              "timedOut": null,
              "duration": 933,
              "state": "passed",
              "speed": "fast",
              "pass": true,
              "fail": false,
              "pending": false,
              "context": null,
              "code": "// Note : Test le scénario de récupération et d'affichage de tous les produits\ncy.visit(url);\ncy.get(\"[data-test-product]\").should(\"have.length\", 17);",
              "err": {},
              "uuid": "4b63bad0-5e31-4a38-9f59-e17f63141305",
              "parentUUID": "abf819be-9c56-4511-80ea-355f9e7afb88",
              "isHook": false,
              "skipped": false
            },
            {
              "title": "display product with past end date and last bid price",
              "fullTitle": "Page / display product with past end date and last bid price",
              "timedOut": null,
              "duration": 121,
              "state": "passed",
              "speed": "fast",
              "pass": true,
              "fail": false,
              "pending": false,
              "context": null,
              "code": "// Note : Vérifie que tous les éléments d'un produit sont bien affichés\n// Note : Si la date de fin est passée, afficher \"Terminé\"\n// Note : Si une offre existe pour le produit, afficher \"Prix actuel : <montant de l'offre>\"\n(0, _orm.createProduct)(\"past\").then(({\n  product\n}) => {\n  (0, _orm.createBid)(product.id, product.originalPrice, _tokens.bobToken).then(({\n    bid\n  }) => {\n    cy.visit(url);\n    cy.get(\"[data-test-product]\").should(\"have.length\", 18);\n    cy.get(`[data-test-product-name]:contains(\"${name}\")`).should(\"exist\").first().closest(\"[data-test-product]\").then(el => {\n      cy.wrap(el).find(\"[data-test-product-name]\").invoke(\"attr\", \"href\").should(\"include\", product.id);\n      cy.wrap(el).find(\"[data-test-product-description]\").should(\"have.text\", product.description);\n      cy.wrap(el).find(\"[data-test-product-seller]\").should(\"have.text\", \"alice\").invoke(\"attr\", \"href\").should(\"include\", _tokens.aliceId);\n      cy.wrap(el).find(\"[data-test-product-date]\").should(\"contain.text\", \"Terminé\");\n      cy.wrap(el).find(\"[data-test-product-price]\").should(\"contain.text\", \"Prix actuel\").should(\"contain.text\", \" \" + bid.price + \" €\");\n    });\n  }).catch(() => {\n    expect.fail(\"Bid creation fail\");\n  });\n});",
              "err": {},
              "uuid": "8d35f0aa-0562-4b2f-acab-1b5f4e35b798",
              "parentUUID": "abf819be-9c56-4511-80ea-355f9e7afb88",
              "isHook": false,
              "skipped": false
            },
            {
              "title": "display product with futur end date and original price (cause there not yet any bid)",
              "fullTitle": "Page / display product with futur end date and original price (cause there not yet any bid)",
              "timedOut": null,
              "duration": 110,
              "state": "passed",
              "speed": "fast",
              "pass": true,
              "fail": false,
              "pending": false,
              "context": null,
              "code": "// Note : Vérifie que tous les éléments d'un produit sont bien affichés\n// Note : Si la date de fin n'est pas passée, afficher \"En cours jusqu'au <date de fin>\"\n// Note : Si aucune une offre n'existe pour le produit, afficher \"Prix de départ : <prix de départ>\"\n(0, _orm.createProduct)().then(({\n  product\n}) => {\n  cy.visit(url);\n  cy.get(\"[data-test-product]\").should(\"have.length\", 18);\n  cy.get(`[data-test-product-name]:contains(\"${name}\")`).should(\"exist\").first().closest(\"[data-test-product]\").then(el => {\n    cy.wrap(el).find(\"[data-test-product-description]\").should(\"have.text\", product.description);\n    cy.wrap(el).find(\"[data-test-product-seller]\").should(\"have.text\", \"alice\").invoke(\"attr\", \"href\").should(\"include\", _tokens.aliceId);\n    cy.wrap(el).find(\"[data-test-product-date]\").should(\"contain.text\", \"En cours jusqu'au\");\n    cy.wrap(el).find(\"[data-test-product-price]\").should(\"contain.text\", \"Prix de départ\").should(\"contain.text\", \" \" + product.originalPrice + \" €\");\n  });\n});",
              "err": {},
              "uuid": "21aa3309-9160-4f03-88e3-d756d0398318",
              "parentUUID": "abf819be-9c56-4511-80ea-355f9e7afb88",
              "isHook": false,
              "skipped": false
            },
            {
              "title": "filter by name",
              "fullTitle": "Page / filter by name",
              "timedOut": null,
              "duration": 1192,
              "state": "passed",
              "speed": "fast",
              "pass": true,
              "fail": false,
              "pending": false,
              "context": null,
              "code": "// Note : Vérifie le filtrage par nom, insensible à la casse\ncy.visit(url);\ncy.get(\"[data-test-product]\").should(\"have.length\", 17);\ncy.get(\"[data-test-filter\").type(\"Lot\");\ncy.get(\"[data-test-product]\").should(\"have.length\", 3);\ncy.get(\"[data-test-filter\").type(\"{selectAll}{del}\");\ncy.get(\"[data-test-filter\").type(\"lot\");\ncy.get(\"[data-test-product]\").should(\"have.length\", 3);\ncy.get(\"[data-test-filter\").type(\"{selectAll}{del}\");\ncy.get(\"[data-test-filter\").type(\"lot de tasses\");\ncy.get(\"[data-test-product]\").should(\"have.length\", 1);",
              "err": {},
              "uuid": "6c8cc411-faef-49f4-94c6-53706d41d7e6",
              "parentUUID": "abf819be-9c56-4511-80ea-355f9e7afb88",
              "isHook": false,
              "skipped": false
            },
            {
              "title": "sort by name",
              "fullTitle": "Page / sort by name",
              "timedOut": null,
              "duration": 378,
              "state": "passed",
              "speed": "fast",
              "pass": true,
              "fail": false,
              "pending": false,
              "context": null,
              "code": "// Note : Vérifie le tri par nom, alphabétique de A à Z\ncy.visit(url);\ncy.get(\"[data-test-sorter]\").should(\"contain.text\", \"Trier par nom\");\ncy.get(\"[data-test-product]\").first().find(\"[data-test-product-name]\").should(\"have.text\", \"Ampli de guitare\");\ncy.get(\"[data-test-product]\").last().find(\"[data-test-product-name]\").should(\"have.text\", \"Théière design\");",
              "err": {},
              "uuid": "da663ad3-e24e-43f5-bb3c-77b0a5153d82",
              "parentUUID": "abf819be-9c56-4511-80ea-355f9e7afb88",
              "isHook": false,
              "skipped": false
            },
            {
              "title": "sort by price",
              "fullTitle": "Page / sort by price",
              "timedOut": null,
              "duration": 529,
              "state": "passed",
              "speed": "fast",
              "pass": true,
              "fail": false,
              "pending": false,
              "context": null,
              "code": "// Note : Vérifie le tri par prix, numérique croissant\ncy.visit(url);\ncy.get(\"[data-test-sorter]\").click();\ncy.get(\"[data-test-sorter-price]\").click();\ncy.get(\"[data-test-sorter]\").should(\"contain.text\", \"Trier par prix\");\ncy.get(\"[data-test-product]\").first().find(\"[data-test-product-name]\").should(\"have.text\", \"Ananas\");\ncy.get(\"[data-test-product]\").last().find(\"[data-test-product-name]\").should(\"have.text\", \"Chaussures volantes\");",
              "err": {},
              "uuid": "626314bc-e432-496a-929b-cdd8104ea2ed",
              "parentUUID": "abf819be-9c56-4511-80ea-355f9e7afb88",
              "isHook": false,
              "skipped": false
            },
            {
              "title": "loading",
              "fullTitle": "Page / loading",
              "timedOut": null,
              "duration": 317,
              "state": "passed",
              "speed": "fast",
              "pass": true,
              "fail": false,
              "pending": false,
              "context": null,
              "code": "// Note : Test la présence d'un spinner lors du chargement\ncy.intercept(\"http://localhost:3000/api/products\", {\n  delay: 10000\n});\ncy.visit(url);\ncy.get(\"[data-test-loading]\").should(\"exist\");\ncy.get(\"[data-test-error]\").should(\"not.exist\");\ncy.get(\"[data-test-product]\").should(\"not.exist\");",
              "err": {},
              "uuid": "2903d19f-b207-4ce3-baaf-87a2858d6955",
              "parentUUID": "abf819be-9c56-4511-80ea-355f9e7afb88",
              "isHook": false,
              "skipped": false
            },
            {
              "title": "error message",
              "fullTitle": "Page / error message",
              "timedOut": null,
              "duration": 343,
              "state": "passed",
              "speed": "fast",
              "pass": true,
              "fail": false,
              "pending": false,
              "context": null,
              "code": "// Note : Test la présence d'un message d'erreur en cas d'échec au chargement\ncy.intercept(\"http://localhost:3000/api/products\", {\n  status: 500,\n  response: {}\n});\ncy.visit(url);\ncy.get(\"[data-test-loading]\").should(\"not.exist\");\ncy.get(\"[data-test-error]\").should(\"exist\");\ncy.get(\"[data-test-product]\").should(\"not.exist\");",
              "err": {},
              "uuid": "71c38521-e4b3-4402-bdef-f2c9297d28a5",
              "parentUUID": "abf819be-9c56-4511-80ea-355f9e7afb88",
              "isHook": false,
              "skipped": false
            },
            {
              "title": "ready",
              "fullTitle": "Page / ready",
              "timedOut": null,
              "duration": 444,
              "state": "passed",
              "speed": "fast",
              "pass": true,
              "fail": false,
              "pending": false,
              "context": null,
              "code": "// Note : Test la présence du contenu après que tout est bien chargé\ncy.intercept(\"http://localhost:3000/api/products\");\ncy.visit(url);\ncy.get(\"[data-test-loading]\").should(\"not.exist\");\ncy.get(\"[data-test-error]\").should(\"not.exist\");\ncy.get(\"[data-test-product]\").should(\"exist\");",
              "err": {},
              "uuid": "95626213-1126-4232-8f28-6c5a13e44e5c",
              "parentUUID": "abf819be-9c56-4511-80ea-355f9e7afb88",
              "isHook": false,
              "skipped": false
            }
          ],
          "suites": [],
          "passes": [
            "4b63bad0-5e31-4a38-9f59-e17f63141305",
            "8d35f0aa-0562-4b2f-acab-1b5f4e35b798",
            "21aa3309-9160-4f03-88e3-d756d0398318",
            "6c8cc411-faef-49f4-94c6-53706d41d7e6",
            "da663ad3-e24e-43f5-bb3c-77b0a5153d82",
            "626314bc-e432-496a-929b-cdd8104ea2ed",
            "2903d19f-b207-4ce3-baaf-87a2858d6955",
            "71c38521-e4b3-4402-bdef-f2c9297d28a5",
            "95626213-1126-4232-8f28-6c5a13e44e5c"
          ],
          "failures": [],
          "pending": [],
          "skipped": [],
          "duration": 4367,
          "root": false,
          "rootEmpty": false,
          "_timeout": 2000
        }
      ],
      "passes": [],
      "failures": [],
      "pending": [],
      "skipped": [],
      "duration": 0,
      "root": true,
      "rootEmpty": true,
      "_timeout": 2000
    }
  ],
  "meta": {
    "mocha": {
      "version": "7.0.1"
    },
    "mochawesome": {
      "options": {
        "quiet": false,
        "reportFilename": "mochawesome",
        "saveHtml": false,
        "saveJson": true,
        "consoleReporter": "spec",
        "useInlineDiffs": false,
        "code": true
      },
      "version": "7.1.3"
    },
    "marge": {
      "options": {
        "reportDir": "cypress/results",
        "overwrite": false,
        "html": false,
        "json": true
      },
      "version": "6.2.0"
    }
  }
}